[00:53:19] [aes] gate-level netlist already present, skipping re-synthesis
[00:53:19] [aes] loading netlist...
[00:53:27] [aes] netlist loaded in 8.4s: 3120 DFFs, 60283 comb cells
[00:53:28] [aes] pipeline depth = 5 cycles
[00:53:28] [aes] area = 63403 gates (generic techmap cell count): {'_total_cells': 63403, '$_AND_': 23570, '$_DFF_P_': 3120, '$_MUX_': 9976, '$_NOT_': 3296, '$_OR_': 10929, '$_XOR_': 12512}
[00:53:28] [aes] running functional-equivalence check...
[00:53:29] [aes] functional check: {'method': "compare recombined RTL output against MaskedHLS authors' own iverilog-generated reference oracle (output_original.txt), 128 randomly sampled plaintext-xor values, random share splits", 'n_vectors_checked': 128, 'passed': True}
[00:53:29] [aes] running TVLA: n_traces=10000000 batch=20000
[00:53:39] [aes] progress: 20000/10000000 traces/class (0.2%), 2020 traces/sec, eta 82.3 min, running |t|max=1.976
[00:53:45] [aes] progress: 40000/10000000 traces/class (0.4%), 2377 traces/sec, eta 69.8 min, running |t|max=1.532
[00:53:52] [aes] progress: 60000/10000000 traces/class (0.6%), 2556 traces/sec, eta 64.8 min, running |t|max=0.958
[00:53:59] [aes] progress: 80000/10000000 traces/class (0.8%), 2673 traces/sec, eta 61.9 min, running |t|max=0.522
[00:54:05] [aes] progress: 100000/10000000 traces/class (1.0%), 2750 traces/sec, eta 60.0 min, running |t|max=0.853
[00:54:12] [aes] progress: 120000/10000000 traces/class (1.2%), 2796 traces/sec, eta 58.9 min, running |t|max=0.837
[00:54:18] [aes] progress: 140000/10000000 traces/class (1.4%), 2828 traces/sec, eta 58.1 min, running |t|max=1.291
[00:54:25] [aes] progress: 160000/10000000 traces/class (1.6%), 2850 traces/sec, eta 57.5 min, running |t|max=1.516
[00:54:31] [aes] progress: 180000/10000000 traces/class (1.8%), 2867 traces/sec, eta 57.1 min, running |t|max=1.446
[00:54:38] [aes] progress: 200000/10000000 traces/class (2.0%), 2879 traces/sec, eta 56.7 min, running |t|max=1.205
[00:54:45] [aes] progress: 220000/10000000 traces/class (2.2%), 2896 traces/sec, eta 56.3 min, running |t|max=1.290
[00:54:51] [aes] progress: 240000/10000000 traces/class (2.4%), 2908 traces/sec, eta 55.9 min, running |t|max=1.636
[00:54:58] [aes] progress: 260000/10000000 traces/class (2.6%), 2921 traces/sec, eta 55.6 min, running |t|max=1.666
[00:55:04] [aes] progress: 280000/10000000 traces/class (2.8%), 2936 traces/sec, eta 55.2 min, running |t|max=1.435
[00:55:10] [aes] progress: 300000/10000000 traces/class (3.0%), 2947 traces/sec, eta 54.9 min, running |t|max=1.585
[00:55:17] [aes] progress: 320000/10000000 traces/class (3.2%), 2955 traces/sec, eta 54.6 min, running |t|max=1.948
[00:55:23] [aes] progress: 340000/10000000 traces/class (3.4%), 2960 traces/sec, eta 54.4 min, running |t|max=2.093
[00:55:30] [aes] progress: 360000/10000000 traces/class (3.6%), 2965 traces/sec, eta 54.2 min, running |t|max=2.156
[00:55:37] [aes] progress: 380000/10000000 traces/class (3.8%), 2970 traces/sec, eta 54.0 min, running |t|max=2.096
[00:55:43] [aes] progress: 400000/10000000 traces/class (4.0%), 2977 traces/sec, eta 53.7 min, running |t|max=2.085
[00:55:49] [aes] progress: 420000/10000000 traces/class (4.2%), 2986 traces/sec, eta 53.5 min, running |t|max=2.019
[00:55:56] [aes] progress: 440000/10000000 traces/class (4.4%), 2993 traces/sec, eta 53.2 min, running |t|max=1.706
[00:56:02] [aes] progress: 460000/10000000 traces/class (4.6%), 2996 traces/sec, eta 53.1 min, running |t|max=1.801
[00:56:09] [aes] progress: 480000/10000000 traces/class (4.8%), 2999 traces/sec, eta 52.9 min, running |t|max=1.950
[00:56:15] [aes] progress: 500000/10000000 traces/class (5.0%), 3003 traces/sec, eta 52.7 min, running |t|max=1.904
[00:56:22] [aes] progress: 520000/10000000 traces/class (5.2%), 3007 traces/sec, eta 52.5 min, running |t|max=1.749
[00:56:28] [aes] progress: 540000/10000000 traces/class (5.4%), 3012 traces/sec, eta 52.3 min, running |t|max=1.769
[00:56:34] [aes] progress: 560000/10000000 traces/class (5.6%), 3018 traces/sec, eta 52.1 min, running |t|max=1.716
[00:56:41] [aes] progress: 580000/10000000 traces/class (5.8%), 3022 traces/sec, eta 52.0 min, running |t|max=1.719
[00:56:47] [aes] progress: 600000/10000000 traces/class (6.0%), 3026 traces/sec, eta 51.8 min, running |t|max=1.547
[00:56:53] [aes] progress: 620000/10000000 traces/class (6.2%), 3030 traces/sec, eta 51.6 min, running |t|max=1.495
[00:57:00] [aes] progress: 640000/10000000 traces/class (6.4%), 3034 traces/sec, eta 51.4 min, running |t|max=1.641
[00:57:06] [aes] progress: 660000/10000000 traces/class (6.6%), 3038 traces/sec, eta 51.2 min, running |t|max=1.769
[00:57:12] [aes] progress: 680000/10000000 traces/class (6.8%), 3042 traces/sec, eta 51.1 min, running |t|max=1.687
[00:57:18] [aes] progress: 700000/10000000 traces/class (7.0%), 3045 traces/sec, eta 50.9 min, running |t|max=1.625
[00:57:25] [aes] progress: 720000/10000000 traces/class (7.2%), 3048 traces/sec, eta 50.7 min, running |t|max=1.110
[00:57:31] [aes] progress: 740000/10000000 traces/class (7.4%), 3052 traces/sec, eta 50.6 min, running |t|max=0.838
[00:57:37] [aes] progress: 760000/10000000 traces/class (7.6%), 3055 traces/sec, eta 50.4 min, running |t|max=0.884
[00:57:44] [aes] progress: 780000/10000000 traces/class (7.8%), 3057 traces/sec, eta 50.3 min, running |t|max=0.941
[00:57:50] [aes] progress: 800000/10000000 traces/class (8.0%), 3060 traces/sec, eta 50.1 min, running |t|max=0.994
[00:57:56] [aes] progress: 820000/10000000 traces/class (8.2%), 3061 traces/sec, eta 50.0 min, running |t|max=1.152
[00:58:03] [aes] progress: 840000/10000000 traces/class (8.4%), 3063 traces/sec, eta 49.8 min, running |t|max=1.289
[00:58:09] [aes] progress: 860000/10000000 traces/class (8.6%), 3065 traces/sec, eta 49.7 min, running |t|max=1.256
[00:58:16] [aes] progress: 880000/10000000 traces/class (8.8%), 3066 traces/sec, eta 49.6 min, running |t|max=1.357
[00:58:22] [aes] progress: 900000/10000000 traces/class (9.0%), 3068 traces/sec, eta 49.4 min, running |t|max=1.232
[00:58:28] [aes] progress: 920000/10000000 traces/class (9.2%), 3070 traces/sec, eta 49.3 min, running |t|max=1.088
[00:58:35] [aes] progress: 940000/10000000 traces/class (9.4%), 3070 traces/sec, eta 49.2 min, running |t|max=1.193
[00:58:41] [aes] progress: 960000/10000000 traces/class (9.6%), 3071 traces/sec, eta 49.1 min, running |t|max=1.047
[00:58:48] [aes] progress: 980000/10000000 traces/class (9.8%), 3072 traces/sec, eta 48.9 min, running |t|max=0.885
[00:58:54] [aes] progress: 1000000/10000000 traces/class (10.0%), 3073 traces/sec, eta 48.8 min, running |t|max=1.013
[00:59:00] [aes] progress: 1020000/10000000 traces/class (10.2%), 3074 traces/sec, eta 48.7 min, running |t|max=0.983
[00:59:07] [aes] progress: 1040000/10000000 traces/class (10.4%), 3076 traces/sec, eta 48.6 min, running |t|max=1.115
[00:59:13] [aes] progress: 1060000/10000000 traces/class (10.6%), 3076 traces/sec, eta 48.4 min, running |t|max=1.548
[00:59:20] [aes] progress: 1080000/10000000 traces/class (10.8%), 3077 traces/sec, eta 48.3 min, running |t|max=1.705
[00:59:26] [aes] progress: 1100000/10000000 traces/class (11.0%), 3078 traces/sec, eta 48.2 min, running |t|max=1.581
[00:59:32] [aes] progress: 1120000/10000000 traces/class (11.2%), 3079 traces/sec, eta 48.1 min, running |t|max=1.578
[00:59:39] [aes] progress: 1140000/10000000 traces/class (11.4%), 3078 traces/sec, eta 48.0 min, running |t|max=1.377
[00:59:45] [aes] progress: 1160000/10000000 traces/class (11.6%), 3080 traces/sec, eta 47.8 min, running |t|max=1.477
[00:59:52] [aes] progress: 1180000/10000000 traces/class (11.8%), 3081 traces/sec, eta 47.7 min, running |t|max=1.587
[00:59:58] [aes] progress: 1200000/10000000 traces/class (12.0%), 3083 traces/sec, eta 47.6 min, running |t|max=1.487
[01:00:04] [aes] progress: 1220000/10000000 traces/class (12.2%), 3084 traces/sec, eta 47.4 min, running |t|max=1.647
[01:00:10] [aes] progress: 1240000/10000000 traces/class (12.4%), 3086 traces/sec, eta 47.3 min, running |t|max=1.601
[01:00:17] [aes] progress: 1260000/10000000 traces/class (12.6%), 3087 traces/sec, eta 47.2 min, running |t|max=1.601
[01:00:23] [aes] progress: 1280000/10000000 traces/class (12.8%), 3088 traces/sec, eta 47.1 min, running |t|max=1.518
[01:00:29] [aes] progress: 1300000/10000000 traces/class (13.0%), 3089 traces/sec, eta 46.9 min, running |t|max=1.454
[01:00:36] [aes] progress: 1320000/10000000 traces/class (13.2%), 3090 traces/sec, eta 46.8 min, running |t|max=1.406
[01:00:42] [aes] progress: 1340000/10000000 traces/class (13.4%), 3091 traces/sec, eta 46.7 min, running |t|max=1.500
[01:00:49] [aes] progress: 1360000/10000000 traces/class (13.6%), 3092 traces/sec, eta 46.6 min, running |t|max=1.549
[01:00:55] [aes] progress: 1380000/10000000 traces/class (13.8%), 3093 traces/sec, eta 46.5 min, running |t|max=1.490
[01:01:01] [aes] progress: 1400000/10000000 traces/class (14.0%), 3094 traces/sec, eta 46.3 min, running |t|max=1.401
[01:01:07] [aes] progress: 1420000/10000000 traces/class (14.2%), 3094 traces/sec, eta 46.2 min, running |t|max=1.253
[01:01:14] [aes] progress: 1440000/10000000 traces/class (14.4%), 3096 traces/sec, eta 46.1 min, running |t|max=1.184
[01:01:20] [aes] progress: 1460000/10000000 traces/class (14.6%), 3097 traces/sec, eta 46.0 min, running |t|max=1.271
[01:01:26] [aes] progress: 1480000/10000000 traces/class (14.8%), 3098 traces/sec, eta 45.8 min, running |t|max=1.203
[01:01:33] [aes] progress: 1500000/10000000 traces/class (15.0%), 3098 traces/sec, eta 45.7 min, running |t|max=1.138
[01:01:39] [aes] progress: 1520000/10000000 traces/class (15.2%), 3099 traces/sec, eta 45.6 min, running |t|max=1.080
[01:01:45] [aes] progress: 1540000/10000000 traces/class (15.4%), 3100 traces/sec, eta 45.5 min, running |t|max=1.034
[01:01:52] [aes] progress: 1560000/10000000 traces/class (15.6%), 3101 traces/sec, eta 45.4 min, running |t|max=0.919
[01:01:58] [aes] progress: 1580000/10000000 traces/class (15.8%), 3102 traces/sec, eta 45.2 min, running |t|max=1.115
[01:02:04] [aes] progress: 1600000/10000000 traces/class (16.0%), 3102 traces/sec, eta 45.1 min, running |t|max=1.117
[01:02:11] [aes] progress: 1620000/10000000 traces/class (16.2%), 3103 traces/sec, eta 45.0 min, running |t|max=1.096
[01:02:17] [aes] progress: 1640000/10000000 traces/class (16.4%), 3104 traces/sec, eta 44.9 min, running |t|max=1.238
[01:02:23] [aes] progress: 1660000/10000000 traces/class (16.6%), 3104 traces/sec, eta 44.8 min, running |t|max=1.372
[01:02:30] [aes] progress: 1680000/10000000 traces/class (16.8%), 3105 traces/sec, eta 44.7 min, running |t|max=1.152
[01:02:36] [aes] progress: 1700000/10000000 traces/class (17.0%), 3106 traces/sec, eta 44.5 min, running |t|max=1.024
[01:02:42] [aes] progress: 1720000/10000000 traces/class (17.2%), 3106 traces/sec, eta 44.4 min, running |t|max=0.934
[01:02:49] [aes] progress: 1740000/10000000 traces/class (17.4%), 3107 traces/sec, eta 44.3 min, running |t|max=0.762
[01:02:55] [aes] progress: 1760000/10000000 traces/class (17.6%), 3107 traces/sec, eta 44.2 min, running |t|max=0.814
[01:03:01] [aes] progress: 1780000/10000000 traces/class (17.8%), 3107 traces/sec, eta 44.1 min, running |t|max=0.890
[01:03:08] [aes] progress: 1800000/10000000 traces/class (18.0%), 3108 traces/sec, eta 44.0 min, running |t|max=0.873
[01:03:14] [aes] progress: 1820000/10000000 traces/class (18.2%), 3108 traces/sec, eta 43.9 min, running |t|max=0.957
[01:03:20] [aes] progress: 1840000/10000000 traces/class (18.4%), 3109 traces/sec, eta 43.7 min, running |t|max=0.823
[01:03:27] [aes] progress: 1860000/10000000 traces/class (18.6%), 3109 traces/sec, eta 43.6 min, running |t|max=0.778
[01:03:33] [aes] progress: 1880000/10000000 traces/class (18.8%), 3109 traces/sec, eta 43.5 min, running |t|max=0.782
[01:03:40] [aes] progress: 1900000/10000000 traces/class (19.0%), 3109 traces/sec, eta 43.4 min, running |t|max=0.778
[01:03:46] [aes] progress: 1920000/10000000 traces/class (19.2%), 3109 traces/sec, eta 43.3 min, running |t|max=0.831
[01:03:52] [aes] progress: 1940000/10000000 traces/class (19.4%), 3110 traces/sec, eta 43.2 min, running |t|max=0.886
[01:03:59] [aes] progress: 1960000/10000000 traces/class (19.6%), 3110 traces/sec, eta 43.1 min, running |t|max=0.800
[01:04:05] [aes] progress: 1980000/10000000 traces/class (19.8%), 3111 traces/sec, eta 43.0 min, running |t|max=0.927
[01:04:11] [aes] progress: 2000000/10000000 traces/class (20.0%), 3111 traces/sec, eta 42.9 min, running |t|max=0.882
[01:04:18] [aes] progress: 2020000/10000000 traces/class (20.2%), 3111 traces/sec, eta 42.7 min, running |t|max=1.026
[01:04:24] [aes] progress: 2040000/10000000 traces/class (20.4%), 3112 traces/sec, eta 42.6 min, running |t|max=1.151
[01:04:31] [aes] progress: 2060000/10000000 traces/class (20.6%), 3112 traces/sec, eta 42.5 min, running |t|max=1.207
[01:04:37] [aes] progress: 2080000/10000000 traces/class (20.8%), 3113 traces/sec, eta 42.4 min, running |t|max=1.168
[01:04:43] [aes] progress: 2100000/10000000 traces/class (21.0%), 3113 traces/sec, eta 42.3 min, running |t|max=1.062
[01:04:49] [aes] progress: 2120000/10000000 traces/class (21.2%), 3114 traces/sec, eta 42.2 min, running |t|max=1.046
[01:04:56] [aes] progress: 2140000/10000000 traces/class (21.4%), 3114 traces/sec, eta 42.1 min, running |t|max=1.009
[01:05:02] [aes] progress: 2160000/10000000 traces/class (21.6%), 3114 traces/sec, eta 42.0 min, running |t|max=1.086
[01:05:09] [aes] progress: 2180000/10000000 traces/class (21.8%), 3115 traces/sec, eta 41.8 min, running |t|max=1.129
[01:05:15] [aes] progress: 2200000/10000000 traces/class (22.0%), 3115 traces/sec, eta 41.7 min, running |t|max=1.002
[01:05:21] [aes] progress: 2220000/10000000 traces/class (22.2%), 3115 traces/sec, eta 41.6 min, running |t|max=0.999
[01:05:28] [aes] progress: 2240000/10000000 traces/class (22.4%), 3115 traces/sec, eta 41.5 min, running |t|max=1.017
[01:05:34] [aes] progress: 2260000/10000000 traces/class (22.6%), 3116 traces/sec, eta 41.4 min, running |t|max=0.936
[01:05:40] [aes] progress: 2280000/10000000 traces/class (22.8%), 3116 traces/sec, eta 41.3 min, running |t|max=1.025
[01:05:47] [aes] progress: 2300000/10000000 traces/class (23.0%), 3114 traces/sec, eta 41.2 min, running |t|max=1.036
[01:05:54] [aes] progress: 2320000/10000000 traces/class (23.2%), 3114 traces/sec, eta 41.1 min, running |t|max=1.096
[01:06:00] [aes] progress: 2340000/10000000 traces/class (23.4%), 3115 traces/sec, eta 41.0 min, running |t|max=1.120
[01:06:06] [aes] progress: 2360000/10000000 traces/class (23.6%), 3115 traces/sec, eta 40.9 min, running |t|max=0.899
[01:06:13] [aes] progress: 2380000/10000000 traces/class (23.8%), 3115 traces/sec, eta 40.8 min, running |t|max=0.817
[01:06:19] [aes] progress: 2400000/10000000 traces/class (24.0%), 3116 traces/sec, eta 40.7 min, running |t|max=0.846
[01:06:25] [aes] progress: 2420000/10000000 traces/class (24.2%), 3116 traces/sec, eta 40.5 min, running |t|max=0.847
[01:06:31] [aes] progress: 2440000/10000000 traces/class (24.4%), 3117 traces/sec, eta 40.4 min, running |t|max=0.741
[01:06:38] [aes] progress: 2460000/10000000 traces/class (24.6%), 3117 traces/sec, eta 40.3 min, running |t|max=0.856
[01:06:44] [aes] progress: 2480000/10000000 traces/class (24.8%), 3117 traces/sec, eta 40.2 min, running |t|max=0.809
[01:06:50] [aes] progress: 2500000/10000000 traces/class (25.0%), 3118 traces/sec, eta 40.1 min, running |t|max=0.752
[01:06:57] [aes] progress: 2520000/10000000 traces/class (25.2%), 3118 traces/sec, eta 40.0 min, running |t|max=0.820
[01:07:03] [aes] progress: 2540000/10000000 traces/class (25.4%), 3119 traces/sec, eta 39.9 min, running |t|max=0.902
[01:07:09] [aes] progress: 2560000/10000000 traces/class (25.6%), 3119 traces/sec, eta 39.8 min, running |t|max=0.924
[01:07:16] [aes] progress: 2580000/10000000 traces/class (25.8%), 3119 traces/sec, eta 39.6 min, running |t|max=0.971
[01:07:22] [aes] progress: 2600000/10000000 traces/class (26.0%), 3119 traces/sec, eta 39.5 min, running |t|max=0.876
[01:07:28] [aes] progress: 2620000/10000000 traces/class (26.2%), 3120 traces/sec, eta 39.4 min, running |t|max=0.769
[01:07:35] [aes] progress: 2640000/10000000 traces/class (26.4%), 3120 traces/sec, eta 39.3 min, running |t|max=0.740
[01:07:41] [aes] progress: 2660000/10000000 traces/class (26.6%), 3121 traces/sec, eta 39.2 min, running |t|max=0.721
[01:07:47] [aes] progress: 2680000/10000000 traces/class (26.8%), 3121 traces/sec, eta 39.1 min, running |t|max=0.797
[01:07:54] [aes] progress: 2700000/10000000 traces/class (27.0%), 3121 traces/sec, eta 39.0 min, running |t|max=0.878
[01:08:00] [aes] progress: 2720000/10000000 traces/class (27.2%), 3122 traces/sec, eta 38.9 min, running |t|max=0.767
[01:08:06] [aes] progress: 2740000/10000000 traces/class (27.4%), 3122 traces/sec, eta 38.8 min, running |t|max=0.964
[01:08:13] [aes] progress: 2760000/10000000 traces/class (27.6%), 3123 traces/sec, eta 38.6 min, running |t|max=0.971
[01:08:19] [aes] progress: 2780000/10000000 traces/class (27.8%), 3123 traces/sec, eta 38.5 min, running |t|max=0.925
[01:08:25] [aes] progress: 2800000/10000000 traces/class (28.0%), 3123 traces/sec, eta 38.4 min, running |t|max=0.808
[01:08:31] [aes] progress: 2820000/10000000 traces/class (28.2%), 3124 traces/sec, eta 38.3 min, running |t|max=0.915
[01:08:38] [aes] progress: 2840000/10000000 traces/class (28.4%), 3124 traces/sec, eta 38.2 min, running |t|max=0.772
[01:08:44] [aes] progress: 2860000/10000000 traces/class (28.6%), 3124 traces/sec, eta 38.1 min, running |t|max=0.794
[01:08:50] [aes] progress: 2880000/10000000 traces/class (28.8%), 3125 traces/sec, eta 38.0 min, running |t|max=0.793
[01:08:57] [aes] progress: 2900000/10000000 traces/class (29.0%), 3125 traces/sec, eta 37.9 min, running |t|max=0.906
[01:09:03] [aes] progress: 2920000/10000000 traces/class (29.2%), 3125 traces/sec, eta 37.8 min, running |t|max=0.944
[01:09:09] [aes] progress: 2940000/10000000 traces/class (29.4%), 3126 traces/sec, eta 37.6 min, running |t|max=0.816
[01:09:16] [aes] progress: 2960000/10000000 traces/class (29.6%), 3126 traces/sec, eta 37.5 min, running |t|max=0.852
[01:09:22] [aes] progress: 2980000/10000000 traces/class (29.8%), 3126 traces/sec, eta 37.4 min, running |t|max=0.894
[01:09:28] [aes] progress: 3000000/10000000 traces/class (30.0%), 3127 traces/sec, eta 37.3 min, running |t|max=0.867
[01:09:34] [aes] progress: 3020000/10000000 traces/class (30.2%), 3127 traces/sec, eta 37.2 min, running |t|max=0.853
[01:09:41] [aes] progress: 3040000/10000000 traces/class (30.4%), 3127 traces/sec, eta 37.1 min, running |t|max=0.933
[01:09:47] [aes] progress: 3060000/10000000 traces/class (30.6%), 3127 traces/sec, eta 37.0 min, running |t|max=0.985
[01:09:53] [aes] progress: 3080000/10000000 traces/class (30.8%), 3128 traces/sec, eta 36.9 min, running |t|max=0.998
[01:10:00] [aes] progress: 3100000/10000000 traces/class (31.0%), 3128 traces/sec, eta 36.8 min, running |t|max=0.900
[01:10:06] [aes] progress: 3120000/10000000 traces/class (31.2%), 3128 traces/sec, eta 36.7 min, running |t|max=1.091
[01:10:12] [aes] progress: 3140000/10000000 traces/class (31.4%), 3129 traces/sec, eta 36.5 min, running |t|max=1.086
[01:10:19] [aes] progress: 3160000/10000000 traces/class (31.6%), 3129 traces/sec, eta 36.4 min, running |t|max=1.111
[01:10:25] [aes] progress: 3180000/10000000 traces/class (31.8%), 3129 traces/sec, eta 36.3 min, running |t|max=1.130
[01:10:31] [aes] progress: 3200000/10000000 traces/class (32.0%), 3129 traces/sec, eta 36.2 min, running |t|max=1.209
[01:10:37] [aes] progress: 3220000/10000000 traces/class (32.2%), 3130 traces/sec, eta 36.1 min, running |t|max=1.321
[01:10:44] [aes] progress: 3240000/10000000 traces/class (32.4%), 3130 traces/sec, eta 36.0 min, running |t|max=1.305
[01:10:50] [aes] progress: 3260000/10000000 traces/class (32.6%), 3130 traces/sec, eta 35.9 min, running |t|max=1.381
[01:10:56] [aes] progress: 3280000/10000000 traces/class (32.8%), 3131 traces/sec, eta 35.8 min, running |t|max=1.387
[01:11:03] [aes] progress: 3300000/10000000 traces/class (33.0%), 3131 traces/sec, eta 35.7 min, running |t|max=1.403
[01:11:09] [aes] progress: 3320000/10000000 traces/class (33.2%), 3131 traces/sec, eta 35.6 min, running |t|max=1.431
[01:11:15] [aes] progress: 3340000/10000000 traces/class (33.4%), 3131 traces/sec, eta 35.4 min, running |t|max=1.581
[01:11:22] [aes] progress: 3360000/10000000 traces/class (33.6%), 3132 traces/sec, eta 35.3 min, running |t|max=1.516
[01:11:28] [aes] progress: 3380000/10000000 traces/class (33.8%), 3132 traces/sec, eta 35.2 min, running |t|max=1.626
[01:11:34] [aes] progress: 3400000/10000000 traces/class (34.0%), 3132 traces/sec, eta 35.1 min, running |t|max=1.454
[01:11:40] [aes] progress: 3420000/10000000 traces/class (34.2%), 3133 traces/sec, eta 35.0 min, running |t|max=1.499
[01:11:47] [aes] progress: 3440000/10000000 traces/class (34.4%), 3133 traces/sec, eta 34.9 min, running |t|max=1.508
[01:11:53] [aes] progress: 3460000/10000000 traces/class (34.6%), 3133 traces/sec, eta 34.8 min, running |t|max=1.511
[01:11:59] [aes] progress: 3480000/10000000 traces/class (34.8%), 3133 traces/sec, eta 34.7 min, running |t|max=1.602
[01:12:06] [aes] progress: 3500000/10000000 traces/class (35.0%), 3134 traces/sec, eta 34.6 min, running |t|max=1.423
[01:12:12] [aes] progress: 3520000/10000000 traces/class (35.2%), 3134 traces/sec, eta 34.5 min, running |t|max=1.353
[01:12:18] [aes] progress: 3540000/10000000 traces/class (35.4%), 3134 traces/sec, eta 34.4 min, running |t|max=1.327
[01:12:25] [aes] progress: 3560000/10000000 traces/class (35.6%), 3134 traces/sec, eta 34.2 min, running |t|max=1.289
[01:12:31] [aes] progress: 3580000/10000000 traces/class (35.8%), 3134 traces/sec, eta 34.1 min, running |t|max=1.304
[01:12:37] [aes] progress: 3600000/10000000 traces/class (36.0%), 3134 traces/sec, eta 34.0 min, running |t|max=1.285
[01:12:43] [aes] progress: 3620000/10000000 traces/class (36.2%), 3135 traces/sec, eta 33.9 min, running |t|max=1.310
[01:12:50] [aes] progress: 3640000/10000000 traces/class (36.4%), 3135 traces/sec, eta 33.8 min, running |t|max=1.288
[01:12:56] [aes] progress: 3660000/10000000 traces/class (36.6%), 3135 traces/sec, eta 33.7 min, running |t|max=1.353
[01:13:02] [aes] progress: 3680000/10000000 traces/class (36.8%), 3135 traces/sec, eta 33.6 min, running |t|max=1.333
[01:13:09] [aes] progress: 3700000/10000000 traces/class (37.0%), 3135 traces/sec, eta 33.5 min, running |t|max=1.258
[01:13:15] [aes] progress: 3720000/10000000 traces/class (37.2%), 3136 traces/sec, eta 33.4 min, running |t|max=1.202
[01:13:21] [aes] progress: 3740000/10000000 traces/class (37.4%), 3136 traces/sec, eta 33.3 min, running |t|max=1.188
[01:13:28] [aes] progress: 3760000/10000000 traces/class (37.6%), 3136 traces/sec, eta 33.2 min, running |t|max=1.233
[01:13:34] [aes] progress: 3780000/10000000 traces/class (37.8%), 3136 traces/sec, eta 33.1 min, running |t|max=1.124
[01:13:40] [aes] progress: 3800000/10000000 traces/class (38.0%), 3136 traces/sec, eta 32.9 min, running |t|max=0.963
[01:13:47] [aes] progress: 3820000/10000000 traces/class (38.2%), 3136 traces/sec, eta 32.8 min, running |t|max=0.927
[01:13:53] [aes] progress: 3840000/10000000 traces/class (38.4%), 3137 traces/sec, eta 32.7 min, running |t|max=1.097
[01:13:59] [aes] progress: 3860000/10000000 traces/class (38.6%), 3137 traces/sec, eta 32.6 min, running |t|max=1.042
[01:14:05] [aes] progress: 3880000/10000000 traces/class (38.8%), 3137 traces/sec, eta 32.5 min, running |t|max=1.083
[01:14:12] [aes] progress: 3900000/10000000 traces/class (39.0%), 3137 traces/sec, eta 32.4 min, running |t|max=1.007
[01:14:18] [aes] progress: 3920000/10000000 traces/class (39.2%), 3137 traces/sec, eta 32.3 min, running |t|max=1.056
[01:14:25] [aes] progress: 3940000/10000000 traces/class (39.4%), 3137 traces/sec, eta 32.2 min, running |t|max=1.144
[01:14:31] [aes] progress: 3960000/10000000 traces/class (39.6%), 3137 traces/sec, eta 32.1 min, running |t|max=1.133
[01:14:37] [aes] progress: 3980000/10000000 traces/class (39.8%), 3137 traces/sec, eta 32.0 min, running |t|max=1.314
[01:14:44] [aes] progress: 4000000/10000000 traces/class (40.0%), 3137 traces/sec, eta 31.9 min, running |t|max=1.336
[01:14:50] [aes] progress: 4020000/10000000 traces/class (40.2%), 3138 traces/sec, eta 31.8 min, running |t|max=1.252
[01:14:56] [aes] progress: 4040000/10000000 traces/class (40.4%), 3138 traces/sec, eta 31.7 min, running |t|max=1.245
[01:15:02] [aes] progress: 4060000/10000000 traces/class (40.6%), 3138 traces/sec, eta 31.5 min, running |t|max=1.269
[01:15:09] [aes] progress: 4080000/10000000 traces/class (40.8%), 3138 traces/sec, eta 31.4 min, running |t|max=1.250
[01:15:15] [aes] progress: 4100000/10000000 traces/class (41.0%), 3138 traces/sec, eta 31.3 min, running |t|max=1.167
[01:15:21] [aes] progress: 4120000/10000000 traces/class (41.2%), 3138 traces/sec, eta 31.2 min, running |t|max=1.172
[01:15:28] [aes] progress: 4140000/10000000 traces/class (41.4%), 3138 traces/sec, eta 31.1 min, running |t|max=1.281
[01:15:34] [aes] progress: 4160000/10000000 traces/class (41.6%), 3139 traces/sec, eta 31.0 min, running |t|max=1.372
[01:15:40] [aes] progress: 4180000/10000000 traces/class (41.8%), 3139 traces/sec, eta 30.9 min, running |t|max=1.345
[01:15:47] [aes] progress: 4200000/10000000 traces/class (42.0%), 3139 traces/sec, eta 30.8 min, running |t|max=1.356
[01:15:53] [aes] progress: 4220000/10000000 traces/class (42.2%), 3139 traces/sec, eta 30.7 min, running |t|max=1.400
[01:15:59] [aes] progress: 4240000/10000000 traces/class (42.4%), 3139 traces/sec, eta 30.6 min, running |t|max=1.405
[01:16:06] [aes] progress: 4260000/10000000 traces/class (42.6%), 3139 traces/sec, eta 30.5 min, running |t|max=1.388
[01:16:12] [aes] progress: 4280000/10000000 traces/class (42.8%), 3139 traces/sec, eta 30.4 min, running |t|max=1.448
[01:16:18] [aes] progress: 4300000/10000000 traces/class (43.0%), 3139 traces/sec, eta 30.3 min, running |t|max=1.469
[01:16:25] [aes] progress: 4320000/10000000 traces/class (43.2%), 3140 traces/sec, eta 30.2 min, running |t|max=1.452
[01:16:31] [aes] progress: 4340000/10000000 traces/class (43.4%), 3140 traces/sec, eta 30.0 min, running |t|max=1.581
[01:16:37] [aes] progress: 4360000/10000000 traces/class (43.6%), 3140 traces/sec, eta 29.9 min, running |t|max=1.638
[01:16:44] [aes] progress: 4380000/10000000 traces/class (43.8%), 3140 traces/sec, eta 29.8 min, running |t|max=1.593
[01:16:50] [aes] progress: 4400000/10000000 traces/class (44.0%), 3140 traces/sec, eta 29.7 min, running |t|max=1.469
[01:16:56] [aes] progress: 4420000/10000000 traces/class (44.2%), 3140 traces/sec, eta 29.6 min, running |t|max=1.529
[01:17:03] [aes] progress: 4440000/10000000 traces/class (44.4%), 3140 traces/sec, eta 29.5 min, running |t|max=1.560
[01:17:09] [aes] progress: 4460000/10000000 traces/class (44.6%), 3140 traces/sec, eta 29.4 min, running |t|max=1.464
[01:17:15] [aes] progress: 4480000/10000000 traces/class (44.8%), 3140 traces/sec, eta 29.3 min, running |t|max=1.537
[01:17:22] [aes] progress: 4500000/10000000 traces/class (45.0%), 3140 traces/sec, eta 29.2 min, running |t|max=1.485
[01:17:28] [aes] progress: 4520000/10000000 traces/class (45.2%), 3140 traces/sec, eta 29.1 min, running |t|max=1.511
[01:17:34] [aes] progress: 4540000/10000000 traces/class (45.4%), 3140 traces/sec, eta 29.0 min, running |t|max=1.549
[01:17:41] [aes] progress: 4560000/10000000 traces/class (45.6%), 3140 traces/sec, eta 28.9 min, running |t|max=1.573
[01:17:47] [aes] progress: 4580000/10000000 traces/class (45.8%), 3141 traces/sec, eta 28.8 min, running |t|max=1.586
[01:17:53] [aes] progress: 4600000/10000000 traces/class (46.0%), 3141 traces/sec, eta 28.7 min, running |t|max=1.605
[01:18:00] [aes] progress: 4620000/10000000 traces/class (46.2%), 3140 traces/sec, eta 28.6 min, running |t|max=1.612
[01:18:06] [aes] progress: 4640000/10000000 traces/class (46.4%), 3140 traces/sec, eta 28.4 min, running |t|max=1.666
[01:18:13] [aes] progress: 4660000/10000000 traces/class (46.6%), 3140 traces/sec, eta 28.3 min, running |t|max=1.710
[01:18:19] [aes] progress: 4680000/10000000 traces/class (46.8%), 3140 traces/sec, eta 28.2 min, running |t|max=1.662
[01:18:25] [aes] progress: 4700000/10000000 traces/class (47.0%), 3140 traces/sec, eta 28.1 min, running |t|max=1.623
[01:18:32] [aes] progress: 4720000/10000000 traces/class (47.2%), 3140 traces/sec, eta 28.0 min, running |t|max=1.618
[01:18:38] [aes] progress: 4740000/10000000 traces/class (47.4%), 3140 traces/sec, eta 27.9 min, running |t|max=1.714
[01:18:44] [aes] progress: 4760000/10000000 traces/class (47.6%), 3140 traces/sec, eta 27.8 min, running |t|max=1.619
[01:18:51] [aes] progress: 4780000/10000000 traces/class (47.8%), 3140 traces/sec, eta 27.7 min, running |t|max=1.742
[01:18:57] [aes] progress: 4800000/10000000 traces/class (48.0%), 3141 traces/sec, eta 27.6 min, running |t|max=1.802
[01:19:03] [aes] progress: 4820000/10000000 traces/class (48.2%), 3141 traces/sec, eta 27.5 min, running |t|max=1.788
[01:19:10] [aes] progress: 4840000/10000000 traces/class (48.4%), 3141 traces/sec, eta 27.4 min, running |t|max=1.689
[01:19:16] [aes] progress: 4860000/10000000 traces/class (48.6%), 3141 traces/sec, eta 27.3 min, running |t|max=1.626
[01:19:22] [aes] progress: 4880000/10000000 traces/class (48.8%), 3141 traces/sec, eta 27.2 min, running |t|max=1.570
[01:19:29] [aes] progress: 4900000/10000000 traces/class (49.0%), 3141 traces/sec, eta 27.1 min, running |t|max=1.568
[01:19:35] [aes] progress: 4920000/10000000 traces/class (49.2%), 3141 traces/sec, eta 27.0 min, running |t|max=1.500
[01:19:41] [aes] progress: 4940000/10000000 traces/class (49.4%), 3141 traces/sec, eta 26.8 min, running |t|max=1.431
[01:19:47] [aes] progress: 4960000/10000000 traces/class (49.6%), 3141 traces/sec, eta 26.7 min, running |t|max=1.375
[01:19:54] [aes] progress: 4980000/10000000 traces/class (49.8%), 3142 traces/sec, eta 26.6 min, running |t|max=1.412
[01:20:00] [aes] progress: 5000000/10000000 traces/class (50.0%), 3142 traces/sec, eta 26.5 min, running |t|max=1.415
[01:20:06] [aes] progress: 5020000/10000000 traces/class (50.2%), 3142 traces/sec, eta 26.4 min, running |t|max=1.441
[01:20:13] [aes] progress: 5040000/10000000 traces/class (50.4%), 3142 traces/sec, eta 26.3 min, running |t|max=1.563
[01:20:19] [aes] progress: 5060000/10000000 traces/class (50.6%), 3142 traces/sec, eta 26.2 min, running |t|max=1.575
[01:20:25] [aes] progress: 5080000/10000000 traces/class (50.8%), 3142 traces/sec, eta 26.1 min, running |t|max=1.736
[01:20:32] [aes] progress: 5100000/10000000 traces/class (51.0%), 3143 traces/sec, eta 26.0 min, running |t|max=1.702
[01:20:38] [aes] progress: 5120000/10000000 traces/class (51.2%), 3143 traces/sec, eta 25.9 min, running |t|max=1.704
[01:20:44] [aes] progress: 5140000/10000000 traces/class (51.4%), 3143 traces/sec, eta 25.8 min, running |t|max=1.680
[01:20:50] [aes] progress: 5160000/10000000 traces/class (51.6%), 3143 traces/sec, eta 25.7 min, running |t|max=1.691
[01:20:57] [aes] progress: 5180000/10000000 traces/class (51.8%), 3143 traces/sec, eta 25.6 min, running |t|max=1.669
[01:21:03] [aes] progress: 5200000/10000000 traces/class (52.0%), 3143 traces/sec, eta 25.5 min, running |t|max=1.680
[01:21:09] [aes] progress: 5220000/10000000 traces/class (52.2%), 3143 traces/sec, eta 25.3 min, running |t|max=1.574
[01:21:16] [aes] progress: 5240000/10000000 traces/class (52.4%), 3143 traces/sec, eta 25.2 min, running |t|max=1.532
[01:21:22] [aes] progress: 5260000/10000000 traces/class (52.6%), 3143 traces/sec, eta 25.1 min, running |t|max=1.540
[01:21:28] [aes] progress: 5280000/10000000 traces/class (52.8%), 3143 traces/sec, eta 25.0 min, running |t|max=1.408
[01:21:35] [aes] progress: 5300000/10000000 traces/class (53.0%), 3143 traces/sec, eta 24.9 min, running |t|max=1.396
[01:21:41] [aes] progress: 5320000/10000000 traces/class (53.2%), 3143 traces/sec, eta 24.8 min, running |t|max=1.433
[01:21:47] [aes] progress: 5340000/10000000 traces/class (53.4%), 3143 traces/sec, eta 24.7 min, running |t|max=1.419
[01:21:54] [aes] progress: 5360000/10000000 traces/class (53.6%), 3144 traces/sec, eta 24.6 min, running |t|max=1.427
[01:22:00] [aes] progress: 5380000/10000000 traces/class (53.8%), 3144 traces/sec, eta 24.5 min, running |t|max=1.467
[01:22:06] [aes] progress: 5400000/10000000 traces/class (54.0%), 3144 traces/sec, eta 24.4 min, running |t|max=1.404
[01:22:13] [aes] progress: 5420000/10000000 traces/class (54.2%), 3144 traces/sec, eta 24.3 min, running |t|max=1.377
[01:22:19] [aes] progress: 5440000/10000000 traces/class (54.4%), 3144 traces/sec, eta 24.2 min, running |t|max=1.524
[01:22:25] [aes] progress: 5460000/10000000 traces/class (54.6%), 3144 traces/sec, eta 24.1 min, running |t|max=1.589
[01:22:32] [aes] progress: 5480000/10000000 traces/class (54.8%), 3144 traces/sec, eta 24.0 min, running |t|max=1.629
[01:22:38] [aes] progress: 5500000/10000000 traces/class (55.0%), 3144 traces/sec, eta 23.9 min, running |t|max=1.589
[01:22:44] [aes] progress: 5520000/10000000 traces/class (55.2%), 3144 traces/sec, eta 23.7 min, running |t|max=1.584
[01:22:51] [aes] progress: 5540000/10000000 traces/class (55.4%), 3144 traces/sec, eta 23.6 min, running |t|max=1.525
[01:22:57] [aes] progress: 5560000/10000000 traces/class (55.6%), 3144 traces/sec, eta 23.5 min, running |t|max=1.515
[01:23:03] [aes] progress: 5580000/10000000 traces/class (55.8%), 3144 traces/sec, eta 23.4 min, running |t|max=1.558
[01:23:10] [aes] progress: 5600000/10000000 traces/class (56.0%), 3144 traces/sec, eta 23.3 min, running |t|max=1.522
[01:23:16] [aes] progress: 5620000/10000000 traces/class (56.2%), 3144 traces/sec, eta 23.2 min, running |t|max=1.491
[01:23:22] [aes] progress: 5640000/10000000 traces/class (56.4%), 3144 traces/sec, eta 23.1 min, running |t|max=1.471
[01:23:29] [aes] progress: 5660000/10000000 traces/class (56.6%), 3144 traces/sec, eta 23.0 min, running |t|max=1.406
[01:23:35] [aes] progress: 5680000/10000000 traces/class (56.8%), 3144 traces/sec, eta 22.9 min, running |t|max=1.396
[01:23:41] [aes] progress: 5700000/10000000 traces/class (57.0%), 3144 traces/sec, eta 22.8 min, running |t|max=1.432
[01:23:48] [aes] progress: 5720000/10000000 traces/class (57.2%), 3144 traces/sec, eta 22.7 min, running |t|max=1.402
[01:23:54] [aes] progress: 5740000/10000000 traces/class (57.4%), 3144 traces/sec, eta 22.6 min, running |t|max=1.384
[01:24:00] [aes] progress: 5760000/10000000 traces/class (57.6%), 3144 traces/sec, eta 22.5 min, running |t|max=1.310
[01:24:07] [aes] progress: 5780000/10000000 traces/class (57.8%), 3144 traces/sec, eta 22.4 min, running |t|max=1.332
[01:24:13] [aes] progress: 5800000/10000000 traces/class (58.0%), 3144 traces/sec, eta 22.3 min, running |t|max=1.330
[01:24:20] [aes] progress: 5820000/10000000 traces/class (58.2%), 3144 traces/sec, eta 22.2 min, running |t|max=1.292
[01:24:26] [aes] progress: 5840000/10000000 traces/class (58.4%), 3144 traces/sec, eta 22.0 min, running |t|max=1.263
[01:24:32] [aes] progress: 5860000/10000000 traces/class (58.6%), 3145 traces/sec, eta 21.9 min, running |t|max=1.285
[01:24:38] [aes] progress: 5880000/10000000 traces/class (58.8%), 3145 traces/sec, eta 21.8 min, running |t|max=1.254
[01:24:45] [aes] progress: 5900000/10000000 traces/class (59.0%), 3145 traces/sec, eta 21.7 min, running |t|max=1.228
[01:24:51] [aes] progress: 5920000/10000000 traces/class (59.2%), 3145 traces/sec, eta 21.6 min, running |t|max=1.272
[01:24:57] [aes] progress: 5940000/10000000 traces/class (59.4%), 3145 traces/sec, eta 21.5 min, running |t|max=1.268
[01:25:04] [aes] progress: 5960000/10000000 traces/class (59.6%), 3145 traces/sec, eta 21.4 min, running |t|max=1.259
[01:25:10] [aes] progress: 5980000/10000000 traces/class (59.8%), 3145 traces/sec, eta 21.3 min, running |t|max=1.336
[01:25:16] [aes] progress: 6000000/10000000 traces/class (60.0%), 3145 traces/sec, eta 21.2 min, running |t|max=1.263
[01:25:23] [aes] progress: 6020000/10000000 traces/class (60.2%), 3145 traces/sec, eta 21.1 min, running |t|max=1.226
[01:25:29] [aes] progress: 6040000/10000000 traces/class (60.4%), 3145 traces/sec, eta 21.0 min, running |t|max=1.141
[01:25:35] [aes] progress: 6060000/10000000 traces/class (60.6%), 3145 traces/sec, eta 20.9 min, running |t|max=1.128
[01:25:42] [aes] progress: 6080000/10000000 traces/class (60.8%), 3145 traces/sec, eta 20.8 min, running |t|max=1.100
[01:25:48] [aes] progress: 6100000/10000000 traces/class (61.0%), 3145 traces/sec, eta 20.7 min, running |t|max=1.103
[01:25:54] [aes] progress: 6120000/10000000 traces/class (61.2%), 3145 traces/sec, eta 20.6 min, running |t|max=1.061
[01:26:01] [aes] progress: 6140000/10000000 traces/class (61.4%), 3145 traces/sec, eta 20.5 min, running |t|max=1.110
[01:26:07] [aes] progress: 6160000/10000000 traces/class (61.6%), 3145 traces/sec, eta 20.3 min, running |t|max=1.167
[01:26:14] [aes] progress: 6180000/10000000 traces/class (61.8%), 3145 traces/sec, eta 20.2 min, running |t|max=1.099
[01:26:20] [aes] progress: 6200000/10000000 traces/class (62.0%), 3145 traces/sec, eta 20.1 min, running |t|max=1.079
[01:26:26] [aes] progress: 6220000/10000000 traces/class (62.2%), 3145 traces/sec, eta 20.0 min, running |t|max=1.158
[01:26:32] [aes] progress: 6240000/10000000 traces/class (62.4%), 3145 traces/sec, eta 19.9 min, running |t|max=1.156
[01:26:39] [aes] progress: 6260000/10000000 traces/class (62.6%), 3146 traces/sec, eta 19.8 min, running |t|max=0.998
[01:26:45] [aes] progress: 6280000/10000000 traces/class (62.8%), 3146 traces/sec, eta 19.7 min, running |t|max=1.041
[01:26:52] [aes] progress: 6300000/10000000 traces/class (63.0%), 3145 traces/sec, eta 19.6 min, running |t|max=1.120
[01:26:58] [aes] progress: 6320000/10000000 traces/class (63.2%), 3145 traces/sec, eta 19.5 min, running |t|max=1.105
[01:27:04] [aes] progress: 6340000/10000000 traces/class (63.4%), 3145 traces/sec, eta 19.4 min, running |t|max=1.134
[01:27:11] [aes] progress: 6360000/10000000 traces/class (63.6%), 3145 traces/sec, eta 19.3 min, running |t|max=1.108
[01:27:17] [aes] progress: 6380000/10000000 traces/class (63.8%), 3145 traces/sec, eta 19.2 min, running |t|max=1.058
[01:27:23] [aes] progress: 6400000/10000000 traces/class (64.0%), 3146 traces/sec, eta 19.1 min, running |t|max=1.109
[01:27:30] [aes] progress: 6420000/10000000 traces/class (64.2%), 3146 traces/sec, eta 19.0 min, running |t|max=1.254
[01:27:36] [aes] progress: 6440000/10000000 traces/class (64.4%), 3146 traces/sec, eta 18.9 min, running |t|max=1.212
[01:27:42] [aes] progress: 6460000/10000000 traces/class (64.6%), 3146 traces/sec, eta 18.8 min, running |t|max=1.249
[01:27:48] [aes] progress: 6480000/10000000 traces/class (64.8%), 3146 traces/sec, eta 18.6 min, running |t|max=1.275
[01:27:55] [aes] progress: 6500000/10000000 traces/class (65.0%), 3146 traces/sec, eta 18.5 min, running |t|max=1.290
[01:28:01] [aes] progress: 6520000/10000000 traces/class (65.2%), 3146 traces/sec, eta 18.4 min, running |t|max=1.133
[01:28:07] [aes] progress: 6540000/10000000 traces/class (65.4%), 3146 traces/sec, eta 18.3 min, running |t|max=1.183
[01:28:14] [aes] progress: 6560000/10000000 traces/class (65.6%), 3146 traces/sec, eta 18.2 min, running |t|max=1.199
[01:28:20] [aes] progress: 6580000/10000000 traces/class (65.8%), 3146 traces/sec, eta 18.1 min, running |t|max=1.244
[01:28:26] [aes] progress: 6600000/10000000 traces/class (66.0%), 3146 traces/sec, eta 18.0 min, running |t|max=1.240
[01:28:33] [aes] progress: 6620000/10000000 traces/class (66.2%), 3146 traces/sec, eta 17.9 min, running |t|max=1.266
[01:28:39] [aes] progress: 6640000/10000000 traces/class (66.4%), 3146 traces/sec, eta 17.8 min, running |t|max=1.213
[01:28:45] [aes] progress: 6660000/10000000 traces/class (66.6%), 3146 traces/sec, eta 17.7 min, running |t|max=1.233
[01:28:52] [aes] progress: 6680000/10000000 traces/class (66.8%), 3146 traces/sec, eta 17.6 min, running |t|max=1.199
[01:28:58] [aes] progress: 6700000/10000000 traces/class (67.0%), 3146 traces/sec, eta 17.5 min, running |t|max=1.300
[01:29:04] [aes] progress: 6720000/10000000 traces/class (67.2%), 3146 traces/sec, eta 17.4 min, running |t|max=1.343
[01:29:11] [aes] progress: 6740000/10000000 traces/class (67.4%), 3146 traces/sec, eta 17.3 min, running |t|max=1.315
[01:29:17] [aes] progress: 6760000/10000000 traces/class (67.6%), 3146 traces/sec, eta 17.2 min, running |t|max=1.324
[01:29:23] [aes] progress: 6780000/10000000 traces/class (67.8%), 3147 traces/sec, eta 17.1 min, running |t|max=1.212
[01:29:30] [aes] progress: 6800000/10000000 traces/class (68.0%), 3147 traces/sec, eta 17.0 min, running |t|max=1.187
[01:29:36] [aes] progress: 6820000/10000000 traces/class (68.2%), 3147 traces/sec, eta 16.8 min, running |t|max=1.205
[01:29:42] [aes] progress: 6840000/10000000 traces/class (68.4%), 3147 traces/sec, eta 16.7 min, running |t|max=1.177
[01:29:49] [aes] progress: 6860000/10000000 traces/class (68.6%), 3147 traces/sec, eta 16.6 min, running |t|max=1.236
[01:29:55] [aes] progress: 6880000/10000000 traces/class (68.8%), 3147 traces/sec, eta 16.5 min, running |t|max=1.233
[01:30:01] [aes] progress: 6900000/10000000 traces/class (69.0%), 3147 traces/sec, eta 16.4 min, running |t|max=1.260
[01:30:08] [aes] progress: 6920000/10000000 traces/class (69.2%), 3147 traces/sec, eta 16.3 min, running |t|max=1.356
[01:30:14] [aes] progress: 6940000/10000000 traces/class (69.4%), 3147 traces/sec, eta 16.2 min, running |t|max=1.369
[01:30:20] [aes] progress: 6960000/10000000 traces/class (69.6%), 3147 traces/sec, eta 16.1 min, running |t|max=1.382
[01:30:27] [aes] progress: 6980000/10000000 traces/class (69.8%), 3147 traces/sec, eta 16.0 min, running |t|max=1.419
[01:30:33] [aes] progress: 7000000/10000000 traces/class (70.0%), 3147 traces/sec, eta 15.9 min, running |t|max=1.411
[01:30:39] [aes] progress: 7020000/10000000 traces/class (70.2%), 3147 traces/sec, eta 15.8 min, running |t|max=1.442
[01:30:45] [aes] progress: 7040000/10000000 traces/class (70.4%), 3147 traces/sec, eta 15.7 min, running |t|max=1.419
[01:30:52] [aes] progress: 7060000/10000000 traces/class (70.6%), 3147 traces/sec, eta 15.6 min, running |t|max=1.437
[01:30:58] [aes] progress: 7080000/10000000 traces/class (70.8%), 3147 traces/sec, eta 15.5 min, running |t|max=1.464
[01:31:05] [aes] progress: 7100000/10000000 traces/class (71.0%), 3147 traces/sec, eta 15.4 min, running |t|max=1.489
[01:31:11] [aes] progress: 7120000/10000000 traces/class (71.2%), 3147 traces/sec, eta 15.3 min, running |t|max=1.372
[01:31:17] [aes] progress: 7140000/10000000 traces/class (71.4%), 3147 traces/sec, eta 15.1 min, running |t|max=1.396
[01:31:24] [aes] progress: 7160000/10000000 traces/class (71.6%), 3147 traces/sec, eta 15.0 min, running |t|max=1.358
[01:31:30] [aes] progress: 7180000/10000000 traces/class (71.8%), 3147 traces/sec, eta 14.9 min, running |t|max=1.348
[01:31:36] [aes] progress: 7200000/10000000 traces/class (72.0%), 3147 traces/sec, eta 14.8 min, running |t|max=1.364
[01:31:43] [aes] progress: 7220000/10000000 traces/class (72.2%), 3147 traces/sec, eta 14.7 min, running |t|max=1.375
[01:31:49] [aes] progress: 7240000/10000000 traces/class (72.4%), 3147 traces/sec, eta 14.6 min, running |t|max=1.379
[01:31:55] [aes] progress: 7260000/10000000 traces/class (72.6%), 3147 traces/sec, eta 14.5 min, running |t|max=1.409
[01:32:02] [aes] progress: 7280000/10000000 traces/class (72.8%), 3147 traces/sec, eta 14.4 min, running |t|max=1.384
[01:32:08] [aes] progress: 7300000/10000000 traces/class (73.0%), 3147 traces/sec, eta 14.3 min, running |t|max=1.340
[01:32:14] [aes] progress: 7320000/10000000 traces/class (73.2%), 3147 traces/sec, eta 14.2 min, running |t|max=1.353
[01:32:21] [aes] progress: 7340000/10000000 traces/class (73.4%), 3147 traces/sec, eta 14.1 min, running |t|max=1.386
[01:32:27] [aes] progress: 7360000/10000000 traces/class (73.6%), 3147 traces/sec, eta 14.0 min, running |t|max=1.386
[01:32:33] [aes] progress: 7380000/10000000 traces/class (73.8%), 3147 traces/sec, eta 13.9 min, running |t|max=1.444
[01:32:40] [aes] progress: 7400000/10000000 traces/class (74.0%), 3147 traces/sec, eta 13.8 min, running |t|max=1.485
[01:32:46] [aes] progress: 7420000/10000000 traces/class (74.2%), 3148 traces/sec, eta 13.7 min, running |t|max=1.484
[01:32:52] [aes] progress: 7440000/10000000 traces/class (74.4%), 3147 traces/sec, eta 13.6 min, running |t|max=1.450
[01:32:59] [aes] progress: 7460000/10000000 traces/class (74.6%), 3147 traces/sec, eta 13.4 min, running |t|max=1.477
[01:33:05] [aes] progress: 7480000/10000000 traces/class (74.8%), 3148 traces/sec, eta 13.3 min, running |t|max=1.509
[01:33:11] [aes] progress: 7500000/10000000 traces/class (75.0%), 3148 traces/sec, eta 13.2 min, running |t|max=1.562
[01:33:18] [aes] progress: 7520000/10000000 traces/class (75.2%), 3148 traces/sec, eta 13.1 min, running |t|max=1.599
[01:33:24] [aes] progress: 7540000/10000000 traces/class (75.4%), 3148 traces/sec, eta 13.0 min, running |t|max=1.604
[01:33:30] [aes] progress: 7560000/10000000 traces/class (75.6%), 3148 traces/sec, eta 12.9 min, running |t|max=1.694
[01:33:37] [aes] progress: 7580000/10000000 traces/class (75.8%), 3148 traces/sec, eta 12.8 min, running |t|max=1.713
[01:33:43] [aes] progress: 7600000/10000000 traces/class (76.0%), 3148 traces/sec, eta 12.7 min, running |t|max=1.669
[01:33:49] [aes] progress: 7620000/10000000 traces/class (76.2%), 3148 traces/sec, eta 12.6 min, running |t|max=1.784
[01:33:56] [aes] progress: 7640000/10000000 traces/class (76.4%), 3148 traces/sec, eta 12.5 min, running |t|max=1.801
[01:34:02] [aes] progress: 7660000/10000000 traces/class (76.6%), 3148 traces/sec, eta 12.4 min, running |t|max=1.754
[01:34:08] [aes] progress: 7680000/10000000 traces/class (76.8%), 3148 traces/sec, eta 12.3 min, running |t|max=1.858
[01:34:14] [aes] progress: 7700000/10000000 traces/class (77.0%), 3148 traces/sec, eta 12.2 min, running |t|max=1.863
[01:34:21] [aes] progress: 7720000/10000000 traces/class (77.2%), 3148 traces/sec, eta 12.1 min, running |t|max=1.951
[01:34:27] [aes] progress: 7740000/10000000 traces/class (77.4%), 3148 traces/sec, eta 12.0 min, running |t|max=1.969
[01:34:33] [aes] progress: 7760000/10000000 traces/class (77.6%), 3148 traces/sec, eta 11.9 min, running |t|max=1.978
[01:34:40] [aes] progress: 7780000/10000000 traces/class (77.8%), 3148 traces/sec, eta 11.8 min, running |t|max=2.021
[01:34:46] [aes] progress: 7800000/10000000 traces/class (78.0%), 3148 traces/sec, eta 11.6 min, running |t|max=2.033
[01:34:52] [aes] progress: 7820000/10000000 traces/class (78.2%), 3148 traces/sec, eta 11.5 min, running |t|max=2.049
[01:34:59] [aes] progress: 7840000/10000000 traces/class (78.4%), 3148 traces/sec, eta 11.4 min, running |t|max=2.047
[01:35:05] [aes] progress: 7860000/10000000 traces/class (78.6%), 3149 traces/sec, eta 11.3 min, running |t|max=2.021
[01:35:11] [aes] progress: 7880000/10000000 traces/class (78.8%), 3149 traces/sec, eta 11.2 min, running |t|max=1.947
[01:35:18] [aes] progress: 7900000/10000000 traces/class (79.0%), 3149 traces/sec, eta 11.1 min, running |t|max=1.907
[01:35:24] [aes] progress: 7920000/10000000 traces/class (79.2%), 3149 traces/sec, eta 11.0 min, running |t|max=1.856
[01:35:30] [aes] progress: 7940000/10000000 traces/class (79.4%), 3149 traces/sec, eta 10.9 min, running |t|max=1.852
[01:35:37] [aes] progress: 7960000/10000000 traces/class (79.6%), 3149 traces/sec, eta 10.8 min, running |t|max=1.833
[01:35:43] [aes] progress: 7980000/10000000 traces/class (79.8%), 3149 traces/sec, eta 10.7 min, running |t|max=1.778
[01:35:49] [aes] progress: 8000000/10000000 traces/class (80.0%), 3149 traces/sec, eta 10.6 min, running |t|max=1.820
[01:35:56] [aes] progress: 8020000/10000000 traces/class (80.2%), 3149 traces/sec, eta 10.5 min, running |t|max=1.931
[01:36:02] [aes] progress: 8040000/10000000 traces/class (80.4%), 3149 traces/sec, eta 10.4 min, running |t|max=1.878
[01:36:08] [aes] progress: 8060000/10000000 traces/class (80.6%), 3149 traces/sec, eta 10.3 min, running |t|max=1.902
[01:36:14] [aes] progress: 8080000/10000000 traces/class (80.8%), 3149 traces/sec, eta 10.2 min, running |t|max=1.853
[01:36:21] [aes] progress: 8100000/10000000 traces/class (81.0%), 3149 traces/sec, eta 10.1 min, running |t|max=1.812
[01:36:27] [aes] progress: 8120000/10000000 traces/class (81.2%), 3149 traces/sec, eta 9.9 min, running |t|max=1.776
[01:36:33] [aes] progress: 8140000/10000000 traces/class (81.4%), 3149 traces/sec, eta 9.8 min, running |t|max=1.755
[01:36:40] [aes] progress: 8160000/10000000 traces/class (81.6%), 3149 traces/sec, eta 9.7 min, running |t|max=1.784
[01:36:46] [aes] progress: 8180000/10000000 traces/class (81.8%), 3149 traces/sec, eta 9.6 min, running |t|max=1.789
[01:36:52] [aes] progress: 8200000/10000000 traces/class (82.0%), 3150 traces/sec, eta 9.5 min, running |t|max=1.742
[01:36:58] [aes] progress: 8220000/10000000 traces/class (82.2%), 3150 traces/sec, eta 9.4 min, running |t|max=1.761
[01:37:05] [aes] progress: 8240000/10000000 traces/class (82.4%), 3150 traces/sec, eta 9.3 min, running |t|max=1.803
[01:37:11] [aes] progress: 8260000/10000000 traces/class (82.6%), 3150 traces/sec, eta 9.2 min, running |t|max=1.873
[01:37:17] [aes] progress: 8280000/10000000 traces/class (82.8%), 3150 traces/sec, eta 9.1 min, running |t|max=1.943
[01:37:24] [aes] progress: 8300000/10000000 traces/class (83.0%), 3150 traces/sec, eta 9.0 min, running |t|max=1.986
[01:37:30] [aes] progress: 8320000/10000000 traces/class (83.2%), 3150 traces/sec, eta 8.9 min, running |t|max=2.018
[01:37:36] [aes] progress: 8340000/10000000 traces/class (83.4%), 3150 traces/sec, eta 8.8 min, running |t|max=1.970
[01:37:43] [aes] progress: 8360000/10000000 traces/class (83.6%), 3150 traces/sec, eta 8.7 min, running |t|max=1.949
[01:37:49] [aes] progress: 8380000/10000000 traces/class (83.8%), 3150 traces/sec, eta 8.6 min, running |t|max=1.992
[01:37:55] [aes] progress: 8400000/10000000 traces/class (84.0%), 3150 traces/sec, eta 8.5 min, running |t|max=2.010
[01:38:02] [aes] progress: 8420000/10000000 traces/class (84.2%), 3150 traces/sec, eta 8.4 min, running |t|max=1.918
[01:38:08] [aes] progress: 8440000/10000000 traces/class (84.4%), 3150 traces/sec, eta 8.3 min, running |t|max=1.922
[01:38:14] [aes] progress: 8460000/10000000 traces/class (84.6%), 3150 traces/sec, eta 8.1 min, running |t|max=1.930
[01:38:21] [aes] progress: 8480000/10000000 traces/class (84.8%), 3150 traces/sec, eta 8.0 min, running |t|max=1.974
[01:38:27] [aes] progress: 8500000/10000000 traces/class (85.0%), 3150 traces/sec, eta 7.9 min, running |t|max=1.968
[01:38:33] [aes] progress: 8520000/10000000 traces/class (85.2%), 3150 traces/sec, eta 7.8 min, running |t|max=1.923
[01:38:40] [aes] progress: 8540000/10000000 traces/class (85.4%), 3150 traces/sec, eta 7.7 min, running |t|max=1.966
[01:38:46] [aes] progress: 8560000/10000000 traces/class (85.6%), 3150 traces/sec, eta 7.6 min, running |t|max=1.878
[01:38:52] [aes] progress: 8580000/10000000 traces/class (85.8%), 3150 traces/sec, eta 7.5 min, running |t|max=1.976
[01:38:58] [aes] progress: 8600000/10000000 traces/class (86.0%), 3150 traces/sec, eta 7.4 min, running |t|max=1.941
[01:39:05] [aes] progress: 8620000/10000000 traces/class (86.2%), 3150 traces/sec, eta 7.3 min, running |t|max=1.957
[01:39:11] [aes] progress: 8640000/10000000 traces/class (86.4%), 3150 traces/sec, eta 7.2 min, running |t|max=1.923
[01:39:17] [aes] progress: 8660000/10000000 traces/class (86.6%), 3150 traces/sec, eta 7.1 min, running |t|max=1.844
[01:39:24] [aes] progress: 8680000/10000000 traces/class (86.8%), 3151 traces/sec, eta 7.0 min, running |t|max=1.797
[01:39:30] [aes] progress: 8700000/10000000 traces/class (87.0%), 3151 traces/sec, eta 6.9 min, running |t|max=1.789
[01:39:36] [aes] progress: 8720000/10000000 traces/class (87.2%), 3151 traces/sec, eta 6.8 min, running |t|max=1.749
[01:39:43] [aes] progress: 8740000/10000000 traces/class (87.4%), 3151 traces/sec, eta 6.7 min, running |t|max=1.755
[01:39:49] [aes] progress: 8760000/10000000 traces/class (87.6%), 3151 traces/sec, eta 6.6 min, running |t|max=1.726
[01:39:55] [aes] progress: 8780000/10000000 traces/class (87.8%), 3151 traces/sec, eta 6.5 min, running |t|max=1.740
[01:40:02] [aes] progress: 8800000/10000000 traces/class (88.0%), 3151 traces/sec, eta 6.3 min, running |t|max=1.775
[01:40:08] [aes] progress: 8820000/10000000 traces/class (88.2%), 3151 traces/sec, eta 6.2 min, running |t|max=1.825
[01:40:14] [aes] progress: 8840000/10000000 traces/class (88.4%), 3151 traces/sec, eta 6.1 min, running |t|max=1.777
[01:40:21] [aes] progress: 8860000/10000000 traces/class (88.6%), 3151 traces/sec, eta 6.0 min, running |t|max=1.786
[01:40:27] [aes] progress: 8880000/10000000 traces/class (88.8%), 3151 traces/sec, eta 5.9 min, running |t|max=1.745
[01:40:33] [aes] progress: 8900000/10000000 traces/class (89.0%), 3151 traces/sec, eta 5.8 min, running |t|max=1.714
[01:40:40] [aes] progress: 8920000/10000000 traces/class (89.2%), 3151 traces/sec, eta 5.7 min, running |t|max=1.680
[01:40:46] [aes] progress: 8940000/10000000 traces/class (89.4%), 3151 traces/sec, eta 5.6 min, running |t|max=1.637
[01:40:52] [aes] progress: 8960000/10000000 traces/class (89.6%), 3151 traces/sec, eta 5.5 min, running |t|max=1.574
[01:40:59] [aes] progress: 8980000/10000000 traces/class (89.8%), 3151 traces/sec, eta 5.4 min, running |t|max=1.582
[01:41:05] [aes] progress: 9000000/10000000 traces/class (90.0%), 3151 traces/sec, eta 5.3 min, running |t|max=1.551
[01:41:11] [aes] progress: 9020000/10000000 traces/class (90.2%), 3151 traces/sec, eta 5.2 min, running |t|max=1.562
[01:41:18] [aes] progress: 9040000/10000000 traces/class (90.4%), 3151 traces/sec, eta 5.1 min, running |t|max=1.580
[01:41:24] [aes] progress: 9060000/10000000 traces/class (90.6%), 3151 traces/sec, eta 5.0 min, running |t|max=1.572
[01:41:30] [aes] progress: 9080000/10000000 traces/class (90.8%), 3151 traces/sec, eta 4.9 min, running |t|max=1.599
[01:41:37] [aes] progress: 9100000/10000000 traces/class (91.0%), 3151 traces/sec, eta 4.8 min, running |t|max=1.647
[01:41:43] [aes] progress: 9120000/10000000 traces/class (91.2%), 3151 traces/sec, eta 4.7 min, running |t|max=1.579
[01:41:49] [aes] progress: 9140000/10000000 traces/class (91.4%), 3151 traces/sec, eta 4.5 min, running |t|max=1.613
[01:41:56] [aes] progress: 9160000/10000000 traces/class (91.6%), 3151 traces/sec, eta 4.4 min, running |t|max=1.582
[01:42:02] [aes] progress: 9180000/10000000 traces/class (91.8%), 3151 traces/sec, eta 4.3 min, running |t|max=1.572
[01:42:08] [aes] progress: 9200000/10000000 traces/class (92.0%), 3151 traces/sec, eta 4.2 min, running |t|max=1.529
[01:42:15] [aes] progress: 9220000/10000000 traces/class (92.2%), 3151 traces/sec, eta 4.1 min, running |t|max=1.521
[01:42:21] [aes] progress: 9240000/10000000 traces/class (92.4%), 3151 traces/sec, eta 4.0 min, running |t|max=1.509
[01:42:27] [aes] progress: 9260000/10000000 traces/class (92.6%), 3151 traces/sec, eta 3.9 min, running |t|max=1.488
[01:42:34] [aes] progress: 9280000/10000000 traces/class (92.8%), 3151 traces/sec, eta 3.8 min, running |t|max=1.523
[01:42:40] [aes] progress: 9300000/10000000 traces/class (93.0%), 3151 traces/sec, eta 3.7 min, running |t|max=1.513
[01:42:46] [aes] progress: 9320000/10000000 traces/class (93.2%), 3151 traces/sec, eta 3.6 min, running |t|max=1.535
[01:42:53] [aes] progress: 9340000/10000000 traces/class (93.4%), 3151 traces/sec, eta 3.5 min, running |t|max=1.509
[01:42:59] [aes] progress: 9360000/10000000 traces/class (93.6%), 3151 traces/sec, eta 3.4 min, running |t|max=1.467
[01:43:05] [aes] progress: 9380000/10000000 traces/class (93.8%), 3151 traces/sec, eta 3.3 min, running |t|max=1.521
[01:43:12] [aes] progress: 9400000/10000000 traces/class (94.0%), 3151 traces/sec, eta 3.2 min, running |t|max=1.483
[01:43:18] [aes] progress: 9420000/10000000 traces/class (94.2%), 3151 traces/sec, eta 3.1 min, running |t|max=1.435
[01:43:24] [aes] progress: 9440000/10000000 traces/class (94.4%), 3151 traces/sec, eta 3.0 min, running |t|max=1.405
[01:43:31] [aes] progress: 9460000/10000000 traces/class (94.6%), 3151 traces/sec, eta 2.9 min, running |t|max=1.452
[01:43:37] [aes] progress: 9480000/10000000 traces/class (94.8%), 3151 traces/sec, eta 2.8 min, running |t|max=1.422
[01:43:43] [aes] progress: 9500000/10000000 traces/class (95.0%), 3151 traces/sec, eta 2.6 min, running |t|max=1.408
[01:43:50] [aes] progress: 9520000/10000000 traces/class (95.2%), 3151 traces/sec, eta 2.5 min, running |t|max=1.404
[01:43:56] [aes] progress: 9540000/10000000 traces/class (95.4%), 3151 traces/sec, eta 2.4 min, running |t|max=1.339
[01:44:02] [aes] progress: 9560000/10000000 traces/class (95.6%), 3151 traces/sec, eta 2.3 min, running |t|max=1.309
[01:44:09] [aes] progress: 9580000/10000000 traces/class (95.8%), 3151 traces/sec, eta 2.2 min, running |t|max=1.360
[01:44:15] [aes] progress: 9600000/10000000 traces/class (96.0%), 3151 traces/sec, eta 2.1 min, running |t|max=1.362
[01:44:21] [aes] progress: 9620000/10000000 traces/class (96.2%), 3151 traces/sec, eta 2.0 min, running |t|max=1.314
[01:44:28] [aes] progress: 9640000/10000000 traces/class (96.4%), 3151 traces/sec, eta 1.9 min, running |t|max=1.284
[01:44:34] [aes] progress: 9660000/10000000 traces/class (96.6%), 3151 traces/sec, eta 1.8 min, running |t|max=1.272
[01:44:40] [aes] progress: 9680000/10000000 traces/class (96.8%), 3151 traces/sec, eta 1.7 min, running |t|max=1.296
[01:44:47] [aes] progress: 9700000/10000000 traces/class (97.0%), 3151 traces/sec, eta 1.6 min, running |t|max=1.289
[01:44:53] [aes] progress: 9720000/10000000 traces/class (97.2%), 3151 traces/sec, eta 1.5 min, running |t|max=1.334
[01:44:59] [aes] progress: 9740000/10000000 traces/class (97.4%), 3152 traces/sec, eta 1.4 min, running |t|max=1.398
[01:45:05] [aes] progress: 9760000/10000000 traces/class (97.6%), 3152 traces/sec, eta 1.3 min, running |t|max=1.414
[01:45:12] [aes] progress: 9780000/10000000 traces/class (97.8%), 3152 traces/sec, eta 1.2 min, running |t|max=1.473
[01:45:18] [aes] progress: 9800000/10000000 traces/class (98.0%), 3152 traces/sec, eta 1.1 min, running |t|max=1.442
[01:45:25] [aes] progress: 9820000/10000000 traces/class (98.2%), 3152 traces/sec, eta 1.0 min, running |t|max=1.496
[01:45:31] [aes] progress: 9840000/10000000 traces/class (98.4%), 3152 traces/sec, eta 0.8 min, running |t|max=1.438
[01:45:37] [aes] progress: 9860000/10000000 traces/class (98.6%), 3152 traces/sec, eta 0.7 min, running |t|max=1.442
[01:45:43] [aes] progress: 9880000/10000000 traces/class (98.8%), 3152 traces/sec, eta 0.6 min, running |t|max=1.428
[01:45:50] [aes] progress: 9900000/10000000 traces/class (99.0%), 3152 traces/sec, eta 0.5 min, running |t|max=1.431
[01:45:56] [aes] progress: 9920000/10000000 traces/class (99.2%), 3152 traces/sec, eta 0.4 min, running |t|max=1.380
[01:46:02] [aes] progress: 9940000/10000000 traces/class (99.4%), 3152 traces/sec, eta 0.3 min, running |t|max=1.411
[01:46:09] [aes] progress: 9960000/10000000 traces/class (99.6%), 3152 traces/sec, eta 0.2 min, running |t|max=1.362
[01:46:15] [aes] progress: 9980000/10000000 traces/class (99.8%), 3152 traces/sec, eta 0.1 min, running |t|max=1.303
[01:46:21] [aes] progress: 10000000/10000000 traces/class (100.0%), 3152 traces/sec, eta 0.0 min, running |t|max=1.302
[01:46:21] [aes] TVLA total time: 3172.8s for 10000000 traces/class, final tvla_t_value=1.3022
[01:46:21] [aes] power = 2.437 uW (mean_hd_per_cycle=48.75, assumed 0.5 fJ/toggle @ 100.0 MHz)
[01:46:21] [aes] wrote /workspace/output/code/results_aes.json
[01:46:21] [aes] DONE
